{"name":"APILog","hostname":"CUP-UK-MAC-0108","pid":18854,"level":20,"msg":"App listening on port 3000","time":"2018-08-12T15:19:53.194Z","v":0}
{"name":"APILog","hostname":"CUP-UK-MAC-0108","pid":18892,"level":20,"msg":"App listening on port 3000","time":"2018-08-12T15:21:26.268Z","v":0}
{"name":"APILog","hostname":"CUP-UK-MAC-0108","pid":18892,"level":50,"msg":"undefined","time":"2018-08-12T15:21:46.411Z","v":0}
{"name":"APILog","hostname":"CUP-UK-MAC-0108","pid":18977,"level":20,"msg":"App listening on port 3000","time":"2018-08-12T15:23:54.219Z","v":0}
{"name":"APILog","hostname":"CUP-UK-MAC-0108","pid":18988,"level":20,"msg":"App listening on port 3000","time":"2018-08-12T15:24:11.160Z","v":0}
{"name":"APILog","hostname":"CUP-UK-MAC-0108","pid":18988,"level":50,"msg":"authenication failed, credentials miss matched","time":"2018-08-12T15:24:17.643Z","v":0}
{"name":"APILog","hostname":"CUP-UK-MAC-0108","pid":20700,"level":20,"msg":"App listening on port 3000","time":"2018-08-13T07:58:02.728Z","v":0}
{"name":"APILog","hostname":"CUP-UK-MAC-0108","pid":20700,"level":50,"msg":"authenication failed, credentials miss matched","time":"2018-08-13T07:58:02.744Z","v":0}
{"name":"APILog","hostname":"CUP-UK-MAC-0108","pid":20969,"level":20,"msg":"App listening on port 3000","time":"2018-08-13T08:00:11.857Z","v":0}
{"name":"APILog","hostname":"CUP-UK-MAC-0108","pid":20969,"level":50,"msg":"authenication failed, credentials miss matched","time":"2018-08-13T08:00:11.880Z","v":0}
{"name":"APILog","hostname":"CUP-UK-MAC-0108","pid":21684,"level":20,"msg":"App listening on port 3000","time":"2018-08-13T08:03:43.967Z","v":0}
{"name":"APILog","hostname":"CUP-UK-MAC-0108","pid":21684,"level":50,"msg":"authenication failed, credentials miss matched","time":"2018-08-13T08:03:43.992Z","v":0}
{"name":"APILog","hostname":"CUP-UK-MAC-0108","pid":21719,"level":20,"msg":"App listening on port 3000","time":"2018-08-13T08:05:11.349Z","v":0}
{"name":"APILog","hostname":"CUP-UK-MAC-0108","pid":21719,"level":50,"msg":"authenication failed, credentials miss matched","time":"2018-08-13T08:05:11.371Z","v":0}
{"name":"APILog","hostname":"CUP-UK-MAC-0108","pid":21745,"level":20,"msg":"App listening on port 3000","time":"2018-08-13T08:07:08.241Z","v":0}
{"name":"APILog","hostname":"CUP-UK-MAC-0108","pid":21745,"level":50,"msg":"authenication failed, credentials miss matched","time":"2018-08-13T08:07:08.264Z","v":0}
{"name":"APILog","hostname":"CUP-UK-MAC-0108","pid":21751,"level":20,"msg":"App listening on port 3000","time":"2018-08-13T08:07:32.361Z","v":0}
{"name":"APILog","hostname":"CUP-UK-MAC-0108","pid":21751,"level":50,"msg":"authenication failed, credentials miss matched","time":"2018-08-13T08:07:32.383Z","v":0}
{"name":"APILog","hostname":"CUP-UK-MAC-0108","pid":21843,"level":20,"msg":"App listening on port 3000","time":"2018-08-13T08:12:44.010Z","v":0}
{"name":"APILog","hostname":"CUP-UK-MAC-0108","pid":21843,"level":50,"msg":"authenication failed, credentials miss matched","time":"2018-08-13T08:12:44.040Z","v":0}
{"name":"APILog","hostname":"CUP-UK-MAC-0108","pid":21863,"level":20,"msg":"App listening on port 3000","time":"2018-08-13T08:12:56.148Z","v":0}
{"name":"APILog","hostname":"CUP-UK-MAC-0108","pid":21863,"level":50,"msg":"authenication failed, credentials miss matched","time":"2018-08-13T08:12:56.180Z","v":0}
{"name":"APILog","hostname":"CUP-UK-MAC-0108","pid":21876,"level":20,"msg":"App listening on port 3000","time":"2018-08-13T08:13:10.141Z","v":0}
{"name":"APILog","hostname":"CUP-UK-MAC-0108","pid":21876,"level":50,"msg":"authenication failed, credentials miss matched","time":"2018-08-13T08:13:10.173Z","v":0}
{"name":"APILog","hostname":"CUP-UK-MAC-0108","pid":21907,"level":20,"msg":"App listening on port 3000","time":"2018-08-13T08:13:55.242Z","v":0}
{"name":"APILog","hostname":"CUP-UK-MAC-0108","pid":21907,"level":50,"msg":"authenication failed, credentials miss matched","time":"2018-08-13T08:13:55.270Z","v":0}
{"name":"APILog","hostname":"CUP-UK-MAC-0108","pid":21929,"level":20,"msg":"App listening on port 3000","time":"2018-08-13T08:15:06.148Z","v":0}
{"name":"APILog","hostname":"CUP-UK-MAC-0108","pid":21929,"level":50,"msg":"authenication failed, credentials miss matched","time":"2018-08-13T08:15:06.177Z","v":0}
{"name":"APILog","hostname":"CUP-UK-MAC-0108","pid":21951,"level":20,"msg":"App listening on port 3000","time":"2018-08-13T08:15:28.200Z","v":0}
{"name":"APILog","hostname":"CUP-UK-MAC-0108","pid":21951,"level":50,"msg":"authenication failed, credentials miss matched","time":"2018-08-13T08:15:28.232Z","v":0}
{"name":"APILog","hostname":"CUP-UK-MAC-0108","pid":21980,"level":20,"msg":"App listening on port 3000","time":"2018-08-13T08:16:01.595Z","v":0}
{"name":"APILog","hostname":"CUP-UK-MAC-0108","pid":21980,"level":50,"msg":"authenication failed, credentials miss matched","time":"2018-08-13T08:16:01.629Z","v":0}
{"name":"APILog","hostname":"CUP-UK-MAC-0108","pid":21993,"level":20,"msg":"App listening on port 3000","time":"2018-08-13T08:17:42.402Z","v":0}
{"name":"APILog","hostname":"CUP-UK-MAC-0108","pid":21993,"level":50,"msg":"authenication failed, credentials miss matched","time":"2018-08-13T08:17:42.444Z","v":0}
{"name":"APILog","hostname":"CUP-UK-MAC-0108","pid":22013,"level":20,"msg":"App listening on port 3000","time":"2018-08-13T08:17:51.296Z","v":0}
{"name":"APILog","hostname":"CUP-UK-MAC-0108","pid":22013,"level":50,"msg":"authenication failed, credentials miss matched","time":"2018-08-13T08:17:51.323Z","v":0}
{"name":"APILog","hostname":"CUP-UK-MAC-0108","pid":22043,"level":20,"msg":"App listening on port 3000","time":"2018-08-13T08:18:21.387Z","v":0}
{"name":"APILog","hostname":"CUP-UK-MAC-0108","pid":22043,"level":50,"msg":"authenication failed, credentials miss matched","time":"2018-08-13T08:18:21.419Z","v":0}
{"name":"APILog","hostname":"CUP-UK-MAC-0108","pid":22071,"level":20,"msg":"App listening on port 3000","time":"2018-08-13T08:18:39.108Z","v":0}
{"name":"APILog","hostname":"CUP-UK-MAC-0108","pid":22071,"level":50,"msg":"authenication failed, credentials miss matched","time":"2018-08-13T08:18:39.134Z","v":0}
{"name":"APILog","hostname":"CUP-UK-MAC-0108","pid":22164,"level":20,"msg":"App listening on port 3000","time":"2018-08-13T08:31:03.710Z","v":0}
{"name":"APILog","hostname":"CUP-UK-MAC-0108","pid":22164,"level":50,"msg":"authenication failed, credentials miss matched","time":"2018-08-13T08:31:03.731Z","v":0}
{"name":"APILog","hostname":"CUP-UK-MAC-0108","pid":22179,"level":20,"msg":"App listening on port 3000","time":"2018-08-13T08:31:14.431Z","v":0}
{"name":"APILog","hostname":"CUP-UK-MAC-0108","pid":22179,"level":50,"msg":"authenication failed, credentials miss matched","time":"2018-08-13T08:31:14.454Z","v":0}
{"name":"APILog","hostname":"CUP-UK-MAC-0108","pid":22201,"level":20,"msg":"App listening on port 3000","time":"2018-08-13T08:31:46.446Z","v":0}
{"name":"APILog","hostname":"CUP-UK-MAC-0108","pid":22201,"level":50,"msg":"authenication failed, credentials miss matched","time":"2018-08-13T08:31:46.467Z","v":0}
{"name":"APILog","hostname":"CUP-UK-MAC-0108","pid":22213,"level":20,"msg":"App listening on port 3000","time":"2018-08-13T08:31:55.786Z","v":0}
{"name":"APILog","hostname":"CUP-UK-MAC-0108","pid":22213,"level":50,"msg":"authenication failed, credentials miss matched","time":"2018-08-13T08:31:55.809Z","v":0}
{"name":"APILog","hostname":"CUP-UK-MAC-0108","pid":22267,"level":20,"msg":"App listening on port 3000","time":"2018-08-13T08:34:22.699Z","v":0}
{"name":"APILog","hostname":"CUP-UK-MAC-0108","pid":22267,"level":50,"msg":"authenication failed, credentials miss matched","time":"2018-08-13T08:34:22.722Z","v":0}
{"name":"APILog","hostname":"CUP-UK-MAC-0108","pid":22288,"level":20,"msg":"App listening on port 3000","time":"2018-08-13T08:35:09.747Z","v":0}
{"name":"APILog","hostname":"CUP-UK-MAC-0108","pid":22288,"level":50,"msg":"authenication failed, credentials miss matched","time":"2018-08-13T08:35:09.770Z","v":0}
{"name":"APILog","hostname":"CUP-UK-MAC-0108","pid":22333,"level":20,"msg":"App listening on port 3000","time":"2018-08-13T08:36:23.028Z","v":0}
{"name":"APILog","hostname":"CUP-UK-MAC-0108","pid":22333,"level":50,"msg":"authenication failed, credentials miss matched","time":"2018-08-13T08:36:23.052Z","v":0}
{"name":"APILog","hostname":"CUP-UK-MAC-0108","pid":22360,"level":20,"msg":"App listening on port 3000","time":"2018-08-13T08:37:35.645Z","v":0}
{"name":"APILog","hostname":"CUP-UK-MAC-0108","pid":22360,"level":50,"msg":"authenication failed, credentials miss matched","time":"2018-08-13T08:37:35.670Z","v":0}
{"name":"APILog","hostname":"CUP-UK-MAC-0108","pid":22407,"level":20,"msg":"App listening on port 3000","time":"2018-08-13T08:39:04.970Z","v":0}
{"name":"APILog","hostname":"CUP-UK-MAC-0108","pid":22407,"level":50,"msg":"authenication failed, credentials miss matched","time":"2018-08-13T08:39:04.993Z","v":0}
{"name":"APILog","hostname":"CUP-UK-MAC-0108","pid":22413,"level":20,"msg":"App listening on port 3000","time":"2018-08-13T08:39:12.772Z","v":0}
{"name":"APILog","hostname":"CUP-UK-MAC-0108","pid":22413,"level":50,"msg":"authenication failed, credentials miss matched","time":"2018-08-13T08:39:12.795Z","v":0}
{"name":"APILog","hostname":"CUP-UK-MAC-0108","pid":22439,"level":20,"msg":"App listening on port 3000","time":"2018-08-13T08:40:25.485Z","v":0}
{"name":"APILog","hostname":"CUP-UK-MAC-0108","pid":22439,"level":50,"msg":"authenication failed, credentials miss matched","time":"2018-08-13T08:40:25.508Z","v":0}
{"name":"APILog","hostname":"CUP-UK-MAC-0108","pid":22460,"level":20,"msg":"App listening on port 3000","time":"2018-08-13T08:41:37.414Z","v":0}
{"name":"APILog","hostname":"CUP-UK-MAC-0108","pid":22489,"level":20,"msg":"App listening on port 3000","time":"2018-08-13T08:42:11.240Z","v":0}
{"name":"APILog","hostname":"CUP-UK-MAC-0108","pid":22503,"level":20,"msg":"App listening on port 3000","time":"2018-08-13T08:42:41.231Z","v":0}
{"name":"APILog","hostname":"CUP-UK-MAC-0108","pid":22503,"level":50,"msg":"authenication failed, credentials miss matched","time":"2018-08-13T08:42:41.254Z","v":0}
{"name":"APILog","hostname":"CUP-UK-MAC-0108","pid":22539,"level":20,"msg":"App listening on port 3000","time":"2018-08-13T08:43:07.523Z","v":0}
{"name":"APILog","hostname":"CUP-UK-MAC-0108","pid":22539,"level":50,"msg":"authenication failed, credentials miss matched","time":"2018-08-13T08:43:07.546Z","v":0}
{"name":"APILog","hostname":"CUP-UK-MAC-0108","pid":22563,"level":20,"msg":"App listening on port 3000","time":"2018-08-13T08:43:34.912Z","v":0}
{"name":"APILog","hostname":"CUP-UK-MAC-0108","pid":22563,"level":50,"msg":"authenication failed, credentials miss matched","time":"2018-08-13T08:43:34.934Z","v":0}
{"name":"APILog","hostname":"CUP-UK-MAC-0108","pid":22576,"level":20,"msg":"App listening on port 3000","time":"2018-08-13T08:43:46.143Z","v":0}
{"name":"APILog","hostname":"CUP-UK-MAC-0108","pid":22576,"level":50,"msg":"authenication failed, credentials miss matched","time":"2018-08-13T08:43:46.166Z","v":0}
{"name":"APILog","hostname":"CUP-UK-MAC-0108","pid":22597,"level":20,"msg":"App listening on port 3000","time":"2018-08-13T08:43:57.434Z","v":0}
{"name":"APILog","hostname":"CUP-UK-MAC-0108","pid":22597,"level":50,"msg":"authenication failed, credentials miss matched","time":"2018-08-13T08:43:57.457Z","v":0}
{"name":"APILog","hostname":"CUP-UK-MAC-0108","pid":22618,"level":20,"msg":"App listening on port 3000","time":"2018-08-13T08:44:06.793Z","v":0}
{"name":"APILog","hostname":"CUP-UK-MAC-0108","pid":22618,"level":50,"msg":"authenication failed, credentials miss matched","time":"2018-08-13T08:44:06.816Z","v":0}
{"name":"APILog","hostname":"CUP-UK-MAC-0108","pid":22661,"level":20,"msg":"App listening on port 3000","time":"2018-08-13T08:44:42.146Z","v":0}
{"name":"APILog","hostname":"CUP-UK-MAC-0108","pid":22661,"level":50,"msg":"authenication failed, credentials miss matched","time":"2018-08-13T08:44:42.169Z","v":0}
{"name":"APILog","hostname":"CUP-UK-MAC-0108","pid":22674,"level":20,"msg":"App listening on port 3000","time":"2018-08-13T08:44:50.308Z","v":0}
{"name":"APILog","hostname":"CUP-UK-MAC-0108","pid":22674,"level":50,"msg":"authenication failed, credentials miss matched","time":"2018-08-13T08:44:50.331Z","v":0}
{"name":"APILog","hostname":"CUP-UK-MAC-0108","pid":22695,"level":20,"msg":"App listening on port 3000","time":"2018-08-13T08:45:10.570Z","v":0}
{"name":"APILog","hostname":"CUP-UK-MAC-0108","pid":22695,"level":50,"msg":"authenication failed, credentials miss matched","time":"2018-08-13T08:45:10.592Z","v":0}
{"name":"APILog","hostname":"CUP-UK-MAC-0108","pid":22718,"level":20,"msg":"App listening on port 3000","time":"2018-08-13T08:45:36.320Z","v":0}
{"name":"APILog","hostname":"CUP-UK-MAC-0108","pid":22718,"level":50,"msg":"authenication failed, credentials miss matched","time":"2018-08-13T08:45:36.342Z","v":0}
{"name":"APILog","hostname":"CUP-UK-MAC-0108","pid":22738,"level":20,"msg":"App listening on port 3000","time":"2018-08-13T08:45:47.320Z","v":0}
{"name":"APILog","hostname":"CUP-UK-MAC-0108","pid":22738,"level":50,"msg":"authenication failed, credentials miss matched","time":"2018-08-13T08:45:47.343Z","v":0}
{"name":"APILog","hostname":"CUP-UK-MAC-0108","pid":22751,"level":20,"msg":"App listening on port 3000","time":"2018-08-13T08:45:53.159Z","v":0}
{"name":"APILog","hostname":"CUP-UK-MAC-0108","pid":22751,"level":50,"msg":"authenication failed, credentials miss matched","time":"2018-08-13T08:45:53.185Z","v":0}
{"name":"APILog","hostname":"CUP-UK-MAC-0108","pid":22765,"level":20,"msg":"App listening on port 3000","time":"2018-08-13T08:46:06.610Z","v":0}
{"name":"APILog","hostname":"CUP-UK-MAC-0108","pid":22765,"level":50,"msg":"authenication failed, credentials miss matched","time":"2018-08-13T08:46:06.646Z","v":0}
{"name":"APILog","hostname":"CUP-UK-MAC-0108","pid":22793,"level":20,"msg":"App listening on port 3000","time":"2018-08-13T08:46:22.170Z","v":0}
{"name":"APILog","hostname":"CUP-UK-MAC-0108","pid":22793,"level":50,"msg":"authenication failed, credentials miss matched","time":"2018-08-13T08:46:22.195Z","v":0}
{"name":"APILog","hostname":"CUP-UK-MAC-0108","pid":22806,"level":20,"msg":"App listening on port 3000","time":"2018-08-13T08:46:35.706Z","v":0}
{"name":"APILog","hostname":"CUP-UK-MAC-0108","pid":22806,"level":50,"msg":"authenication failed, credentials miss matched","time":"2018-08-13T08:46:35.732Z","v":0}
{"name":"APILog","hostname":"CUP-UK-MAC-0108","pid":22834,"level":20,"msg":"App listening on port 3000","time":"2018-08-13T08:47:14.942Z","v":0}
{"name":"APILog","hostname":"CUP-UK-MAC-0108","pid":22834,"level":50,"msg":"authenication failed, credentials miss matched","time":"2018-08-13T08:47:14.972Z","v":0}
{"name":"APILog","hostname":"CUP-UK-MAC-0108","pid":22854,"level":20,"msg":"App listening on port 3000","time":"2018-08-13T08:47:26.126Z","v":0}
{"name":"APILog","hostname":"CUP-UK-MAC-0108","pid":22854,"level":50,"msg":"authenication failed, credentials miss matched","time":"2018-08-13T08:47:26.149Z","v":0}
{"name":"APILog","hostname":"CUP-UK-MAC-0108","pid":22898,"level":20,"msg":"App listening on port 3000","time":"2018-08-13T08:47:58.370Z","v":0}
{"name":"APILog","hostname":"CUP-UK-MAC-0108","pid":22898,"level":50,"msg":"authenication failed, credentials miss matched","time":"2018-08-13T08:47:58.392Z","v":0}
{"name":"APILog","hostname":"CUP-UK-MAC-0108","pid":22912,"level":20,"msg":"App listening on port 3000","time":"2018-08-13T08:48:14.287Z","v":0}
{"name":"APILog","hostname":"CUP-UK-MAC-0108","pid":22912,"level":50,"msg":"authenication failed, credentials miss matched","time":"2018-08-13T08:48:14.309Z","v":0}
{"name":"APILog","hostname":"CUP-UK-MAC-0108","pid":22940,"level":20,"msg":"App listening on port 3000","time":"2018-08-13T08:49:06.362Z","v":0}
{"name":"APILog","hostname":"CUP-UK-MAC-0108","pid":22960,"level":20,"msg":"App listening on port 3000","time":"2018-08-13T08:49:20.675Z","v":0}
{"name":"APILog","hostname":"CUP-UK-MAC-0108","pid":22973,"level":20,"msg":"App listening on port 3000","time":"2018-08-13T08:49:29.496Z","v":0}
{"name":"APILog","hostname":"CUP-UK-MAC-0108","pid":22987,"level":20,"msg":"App listening on port 3000","time":"2018-08-13T08:49:40.448Z","v":0}
{"name":"APILog","hostname":"CUP-UK-MAC-0108","pid":22999,"level":20,"msg":"App listening on port 3000","time":"2018-08-13T08:49:45.784Z","v":0}
{"name":"APILog","hostname":"CUP-UK-MAC-0108","pid":23020,"level":20,"msg":"App listening on port 3000","time":"2018-08-13T08:50:03.953Z","v":0}
{"name":"APILog","hostname":"CUP-UK-MAC-0108","pid":23040,"level":20,"msg":"App listening on port 3000","time":"2018-08-13T08:50:13.221Z","v":0}
{"name":"APILog","hostname":"CUP-UK-MAC-0108","pid":25075,"level":20,"msg":"App listening on port 3000","time":"2018-08-13T11:04:04.310Z","v":0}
{"name":"APILog","hostname":"CUP-UK-MAC-0108","pid":25075,"level":50,"msg":"authenication failed, credentials miss matched","time":"2018-08-13T11:04:04.333Z","v":0}
{"name":"APILog","hostname":"CUP-UK-MAC-0108","pid":25093,"level":20,"msg":"App listening on port 3000","time":"2018-08-13T11:04:36.135Z","v":0}
{"name":"APILog","hostname":"CUP-UK-MAC-0108","pid":25093,"level":50,"msg":"authenication failed, credentials miss matched","time":"2018-08-13T11:04:36.160Z","v":0}
{"name":"APILog","hostname":"CUP-UK-MAC-0108","pid":25181,"level":20,"msg":"App listening on port 3000","time":"2018-08-13T11:12:51.708Z","v":0}
{"name":"APILog","hostname":"CUP-UK-MAC-0108","pid":25181,"level":50,"msg":"authenication failed, credentials miss matched","time":"2018-08-13T11:12:51.731Z","v":0}
{"name":"APILog","hostname":"CUP-UK-MAC-0108","pid":25212,"level":20,"msg":"App listening on port 3000","time":"2018-08-13T11:13:12.199Z","v":0}
{"name":"APILog","hostname":"CUP-UK-MAC-0108","pid":25212,"level":50,"msg":"authenication failed, credentials miss matched","time":"2018-08-13T11:13:12.221Z","v":0}
{"name":"APILog","hostname":"CUP-UK-MAC-0108","pid":25226,"level":20,"msg":"App listening on port 3000","time":"2018-08-13T11:13:23.733Z","v":0}
{"name":"APILog","hostname":"CUP-UK-MAC-0108","pid":25226,"level":50,"msg":"authenication failed, credentials miss matched","time":"2018-08-13T11:13:23.758Z","v":0}
{"name":"APILog","hostname":"CUP-UK-MAC-0108","pid":25241,"level":20,"msg":"App listening on port 3000","time":"2018-08-13T11:13:44.716Z","v":0}
{"name":"APILog","hostname":"CUP-UK-MAC-0108","pid":25241,"level":50,"msg":"authenication failed, credentials miss matched","time":"2018-08-13T11:13:44.738Z","v":0}
{"name":"APILog","hostname":"CUP-UK-MAC-0108","pid":27730,"level":20,"msg":"App listening on port 3000","time":"2018-08-13T20:45:15.287Z","v":0}
{"name":"APILog","hostname":"CUP-UK-MAC-0108","pid":27730,"level":50,"msg":"authenication failed, credentials miss matched","time":"2018-08-13T20:45:15.305Z","v":0}
{"name":"APILog","hostname":"CUP-UK-MAC-0108","pid":27802,"level":20,"msg":"App listening on port 3000","time":"2018-08-13T21:19:17.260Z","v":0}
{"name":"APILog","hostname":"CUP-UK-MAC-0108","pid":27802,"level":50,"msg":"authenication failed, credentials miss matched","time":"2018-08-13T21:19:17.276Z","v":0}
{"name":"APILog","hostname":"cup-uk-mac-0108.ad.cambridge.org","pid":30944,"level":20,"msg":"App listening on port 3000","time":"2018-08-14T15:01:07.315Z","v":0}
{"name":"APILog","hostname":"cup-uk-mac-0108.ad.cambridge.org","pid":30944,"level":50,"msg":"authenication failed, credentials miss matched","time":"2018-08-14T15:01:07.333Z","v":0}
{"name":"APILog","hostname":"cup-uk-mac-0108.ad.cambridge.org","pid":30961,"level":20,"msg":"App listening on port 3000","time":"2018-08-14T15:01:23.794Z","v":0}
{"name":"APILog","hostname":"cup-uk-mac-0108.ad.cambridge.org","pid":30961,"level":50,"msg":"authenication failed, credentials miss matched","time":"2018-08-14T15:01:23.809Z","v":0}
{"name":"APILog","hostname":"cup-uk-mac-0108.ad.cambridge.org","pid":30986,"level":20,"msg":"App listening on port 3000","time":"2018-08-14T15:01:40.332Z","v":0}
{"name":"APILog","hostname":"cup-uk-mac-0108.ad.cambridge.org","pid":30986,"level":50,"msg":"authenication failed, credentials miss matched","time":"2018-08-14T15:01:40.346Z","v":0}
{"name":"APILog","hostname":"cup-uk-mac-0108.ad.cambridge.org","pid":31041,"level":20,"msg":"App listening on port 3999","time":"2018-08-14T15:04:04.799Z","v":0}
{"name":"APILog","hostname":"cup-uk-mac-0108.ad.cambridge.org","pid":31041,"level":50,"msg":"authenication failed, credentials miss matched","time":"2018-08-14T15:04:04.825Z","v":0}
{"name":"APILog","hostname":"cup-uk-mac-0108.ad.cambridge.org","pid":31092,"level":20,"msg":"App listening on port 3999","time":"2018-08-14T15:05:25.779Z","v":0}
{"name":"APILog","hostname":"cup-uk-mac-0108.ad.cambridge.org","pid":31092,"level":50,"msg":"authenication failed, credentials miss matched","time":"2018-08-14T15:05:25.794Z","v":0}
{"name":"APILog","hostname":"cup-uk-mac-0108.ad.cambridge.org","pid":31206,"level":50,"msg":"authenication failed, credentials miss matched","time":"2018-08-14T15:14:50.441Z","v":0}
{"name":"APILog","hostname":"cup-uk-mac-0108.ad.cambridge.org","pid":31221,"level":50,"msg":"authenication failed, credentials miss matched","time":"2018-08-14T15:15:01.702Z","v":0}
{"name":"APILog","hostname":"cup-uk-mac-0108.ad.cambridge.org","pid":31269,"level":50,"msg":"authenication failed, credentials miss matched","time":"2018-08-14T15:16:23.940Z","v":0}
{"name":"APILog","hostname":"cup-uk-mac-0108.ad.cambridge.org","pid":31296,"level":50,"msg":"authenication failed, credentials miss matched","time":"2018-08-14T15:17:20.066Z","v":0}
{"name":"APILog","hostname":"cup-uk-mac-0108.ad.cambridge.org","pid":31317,"level":50,"msg":"authenication failed, credentials miss matched","time":"2018-08-14T15:17:38.898Z","v":0}
